build/app/outputs/mapping/release/seeds.txt
com.example.finto_spoti.MainActivity
com.example.finto_spoti.MainActivity: MainActivity()
...
io.flutter.plugin.editing.ImeSyncDeferringInsetsCallback: boolean access$302(io.flutter.plugin.editing.ImeSyncDeferringInsetsCallback,boolean)
android.support.v4.app.RemoteActionCompatParcelizer: RemoteActionCompatParcelizer()
io.flutter.view.AccessibilityViewEmbedder: io.flutter.view.AccessibilityViewEmbedder$ReflectionAccessors reflectionAccessors
androidx.savedstate.Recreator
io.flutter.embedding.engine.FlutterJNI: void setPlatformMessageHandler(io.flutter.embedding.engine.dart.PlatformMessageHandler)
io.flutter.view.FlutterCallbackInformation: java.lang.String callbackLibraryPath
io.flutter.plugin.editing.ImeSyncDeferringInsetsCallback: android.view.View access$600(io.flutter.plugin.editing.ImeSyncDeferringInsetsCallback)
io.flutter.plugin.editing.ImeSyncDeferringInsetsCallback: int access$100(io.flutter.plugin.editing.ImeSyncDeferringInsetsCallback)
io.flutter.view.AccessibilityViewEmbedder: void setFlutterNodesTranslateBounds(android.view.accessibility.AccessibilityNodeInfo,android.graphics.Rect,android.view.accessibility.AccessibilityNodeInfo)
io.flutter.view.AccessibilityViewEmbedder: void copyAccessibilityFields(android.view.accessibility.AccessibilityNodeInfo,android.view.accessibility.AccessibilityNodeInfo)
io.flutter.embedding.engine.mutatorsstack.FlutterMutatorView
androidx.lifecycle.CompositeGeneratedAdaptersObserver
androidx.core.graphics.drawable.IconCompatParcelizer: androidx.core.graphics.drawable.IconCompat read(androidx.versionedparcelable.VersionedParcel)
io.flutter.plugin.editing.ImeSyncDeferringInsetsCallback: io.flutter.plugin.editing.ImeSyncDeferringInsetsCallback$AnimationCallback animationCallback
androidx.activity.ComponentActivity$2
androidx.core.graphics.drawable.IconCompatParcelizer
io.flutter.embedding.engine.FlutterJNI: void nativeLoadDartDeferredLibrary(long,int,java.lang.String[])
io.flutter.embedding.engine.renderer.SurfaceTextureWrapper: android.graphics.SurfaceTexture surfaceTexture
io.flutter.embedding.engine.mutatorsstack.FlutterMutatorView: android.graphics.Matrix getPlatformViewMatrix()
androidx.annotation.Keep
io.flutter.embedding.engine.FlutterJNI: void onBeginFrame()
androidx.lifecycle.Lifecycling$1
io.flutter.embedding.engine.mutatorsstack.FlutterMutatorsStack: android.graphics.Matrix finalMatrix
io.flutter.embedding.engine.FlutterJNI: void ensureAttachedToNative()
io.flutter.plugin.platform.SingleViewPresentation: android.content.Context outerContext
io.flutter.embedding.engine.FlutterJNI: void registerTexture(long,io.flutter.embedding.engine.renderer.SurfaceTextureWrapper)
io.flutter.embedding.engine.systemchannels.PlatformChannel$Brightness: io.flutter.embedding.engine.systemchannels.PlatformChannel$Brightness valueOf(java.lang.String)
io.flutter.embedding.engine.FlutterJNI: io.flutter.embedding.engine.FlutterJNI nativeSpawn(long,java.lang.String,java.lang.String)
io.flutter.view.AccessibilityViewEmbedder: android.view.accessibility.AccessibilityNodeInfo createAccessibilityNodeInfo(int)
io.flutter.embedding.engine.FlutterJNI: java.lang.String observatoryUri
io.flutter.embedding.engine.FlutterJNI: void setSemanticsEnabled(boolean)
io.flutter.embedding.engine.renderer.SurfaceTextureWrapper: void updateTexImage()
androidx.core.app.RemoteActionCompatParcelizer: RemoteActionCompatParcelizer()
io.flutter.embedding.android.FlutterImageView: io.flutter.embedding.engine.renderer.FlutterRenderer getAttachedRenderer()
io.flutter.plugin.editing.ImeSyncDeferringInsetsCallback: int deferredInsetTypes
io.flutter.view.AccessibilityViewEmbedder: android.util.SparseArray flutterIdToOrigin
io.flutter.embedding.engine.FlutterJNI: void nativeOnVsync(long,long,long)
io.flutter.embedding.android.FlutterSurfaceView
io.flutter.plugin.editing.ImeSyncDeferringInsetsCallback: ImeSyncDeferringInsetsCallback(android.view.View,int,int)
androidx.lifecycle.Lifecycle$Event: androidx.lifecycle.Lifecycle$Event valueOf(java.lang.String)
io.flutter.embedding.engine.FlutterJNI: void attachToNative(boolean)