build/app/outputs/mapping/release/usage.txt
com.example.finto_spoti.R$dimen
com.example.finto_spoti.R$style
com.example.finto_spoti.R$styleable
com.example.finto_spoti.R$attr
com.example.finto_spoti.BuildConfig
com.example.finto_spoti.R$color
com.example.finto_spoti.R$layout
com.example.finto_spoti.R$string
com.example.finto_spoti.R$integer
com.example.finto_spoti.R$id
com.example.finto_spoti.R$mipmap
com.example.finto_spoti.R
com.example.finto_spoti.R$drawable
...
kotlin.sequences.DropTakeSequence
androidx.viewpager.R$integer
kotlin.concurrent.ThreadsKt
androidx.loader.app.LoaderManagerImpl$LoaderViewModel$1
androidx.versionedparcelable.ParcelUtils
io.flutter.plugin.editing.ListenableEditingState:
    private static final java.lang.String TAG
kotlin.collections.ArraysKt___ArraysJvmKt
androidx.core.text.util.LinkifyCompat$LinkifyMask
kotlin.reflect.KType$DefaultImpls
kotlin.collections.unsigned.UArraysKt___UArraysJvmKt$asList$4
kotlin.text.CharsKt
kotlin.comparisons.ComparisonsKt__ComparisonsKt$thenDescending$1
kotlin.collections.ByteIterator
kotlin.coroutines.experimental.SequenceBuilder
kotlin.ranges.ClosedFloatRange
kotlin.time.ExperimentalTime
kotlin.text.StringsKt__IndentKt
kotlin.io.TextStreamsKt
androidx.core.view.accessibility.AccessibilityEventCompat
androidx.core.accessibilityservice.AccessibilityServiceInfoCompat
androidx.core.provider.FontsContractCompat$TypefaceResult
androidx.core.content.res.FontResourcesParserCompat
androidx.core.app.ComponentActivity:
    public void <init>()
    public void putExtraData(androidx.core.app.ComponentActivity$ExtraData)
    protected void onCreate(android.os.Bundle)
    protected void onSaveInstanceState(android.os.Bundle)
    public androidx.core.app.ComponentActivity$ExtraData getExtraData(java.lang.Class)
    public androidx.lifecycle.Lifecycle getLifecycle()
    public boolean superDispatchKeyEvent(android.view.KeyEvent)
    public boolean dispatchKeyShortcutEvent(android.view.KeyEvent)
    public boolean dispatchKeyEvent(android.view.KeyEvent)
    private androidx.collection.SimpleArrayMap mExtraDataMap
    private androidx.lifecycle.LifecycleRegistry mLifecycleRegistry
kotlin.jvm.internal.ArrayIntIterator
kotlin.coroutines.CombinedContext$Serialized
androidx.fragment.app.FragmentActivity$HostCallbacks
androidx.core.view.ScrollingView
kotlin.jvm.JvmMultifileClass
androidx.core.hardware.display.DisplayManagerCompat
androidx.core.widget.NestedScrollView$SavedState$1
org.intellij.lang.annotations.Flow
androidx.core.app.FrameMetricsAggregator$MetricType
kotlin.internal.ProgressionUtilKt
kotlin.UShortArray$Iterator
androidx.core.widget.TextViewCompat
androidx.lifecycle.MediatorLiveData$Source
kotlin.io.FilesKt__UtilsKt$copyRecursively$2
androidx.activity.OnBackPressedCallback:
    public void <init>(boolean)
    public final void setEnabled(boolean)
    public final boolean isEnabled()
    public final void remove()
    public abstract void handleOnBackPressed()
    void addCancellable(androidx.activity.Cancellable)
    private boolean mEnabled
    private java.util.concurrent.CopyOnWriteArrayList mCancellables
io.flutter.plugin.platform.SingleViewPresentation$WindowManagerHandler:
    private static final java.lang.String TAG
androidx.core.graphics.PathParser
kotlin.sequences.DistinctIterator
kotlin.jvm.internal.markers.KMutableMap
kotlin.ranges.IntProgressionIterator
androidx.core.graphics.TypefaceCompatBaseImpl$2
androidx.savedstate.Recreator:
    void <init>(androidx.savedstate.SavedStateRegistryOwner)
    static final java.lang.String CLASSES_KEY
    static final java.lang.String COMPONENT_KEY
io.flutter.embedding.engine.loader.FlutterLoader$2$1
androidx.core.view.accessibility.AccessibilityManagerCompat
kotlin.random.FallbackThreadLocalRandom
androidx.core.view.GestureDetectorCompat$GestureDetectorCompatImplJellybeanMr2
io.flutter.embedding.engine.loader.ApplicationInfoLoader:
    public void <init>()
    public static final java.lang.String NETWORK_POLICY_METADATA_KEY
androidx.core.content.PermissionChecker
kotlin.io.FileTreeWalk$FileTreeWalkIterator$SingleFileState
androidx.core.provider.SelfDestructiveThread$ReplyCallback
kotlin.UShortArrayKt
kotlin.coroutines.experimental.AbstractCoroutineContextElement
io.flutter.embedding.android.FlutterSurfaceView:
    public void <init>(android.content.Context)
    public void <init>(android.content.Context,android.util.AttributeSet)
    private static final java.lang.String TAG